{
  "RSpec": {
    "coverage": {
      "/Users/ianmcnicholas/MAKERS/Week_10/tech_tests/bank_tech_test/spec/bank_account_spec.rb": {
        "lines": [
          null,
          null,
          1,
          null,
          1,
          9,
          9,
          9,
          null,
          1,
          1,
          1,
          null,
          null,
          null,
          1,
          1,
          1,
          1,
          1,
          null,
          null,
          1,
          1,
          1,
          null,
          null,
          1,
          2,
          2,
          null,
          null,
          null,
          1,
          1,
          1,
          1,
          1,
          null,
          null,
          1,
          1,
          1,
          null,
          null,
          1,
          2,
          2,
          null,
          null,
          null,
          1,
          1,
          1,
          1,
          1,
          null,
          null,
          null
        ]
      },
      "/Users/ianmcnicholas/MAKERS/Week_10/tech_tests/bank_tech_test/lib/bank_account.rb": {
        "lines": [
          null,
          null,
          1,
          1,
          null,
          1,
          1,
          null,
          1,
          null,
          null,
          9,
          9,
          9,
          null,
          null,
          1,
          7,
          4,
          4,
          null,
          null,
          1,
          4,
          3,
          3,
          null,
          null,
          1,
          2,
          null,
          null,
          1,
          null,
          1,
          null,
          null
        ]
      },
      "/Users/ianmcnicholas/MAKERS/Week_10/tech_tests/bank_tech_test/lib/transaction_history.rb": {
        "lines": [
          null,
          null,
          null,
          1,
          1,
          null,
          1,
          4,
          null,
          null,
          1,
          3,
          3,
          null,
          null,
          1,
          2,
          2,
          null,
          null,
          1,
          null,
          1,
          5,
          null,
          null
        ]
      },
      "/Users/ianmcnicholas/MAKERS/Week_10/tech_tests/bank_tech_test/lib/statement_printer.rb": {
        "lines": [
          null,
          null,
          null,
          1,
          null,
          1,
          3,
          3,
          null,
          null,
          1,
          null,
          1,
          3,
          6,
          null,
          null,
          null
        ]
      },
      "/Users/ianmcnicholas/MAKERS/Week_10/tech_tests/bank_tech_test/spec/feature_test_spec.rb": {
        "lines": [
          1,
          null,
          1,
          null,
          1,
          1,
          6,
          1,
          1,
          1,
          1,
          1,
          1,
          2,
          null,
          null,
          null
        ]
      },
      "/Users/ianmcnicholas/MAKERS/Week_10/tech_tests/bank_tech_test/spec/statement_printer_spec.rb": {
        "lines": [
          null,
          null,
          1,
          null,
          1,
          3,
          null,
          1,
          1,
          2,
          null,
          null,
          1,
          1,
          null,
          2,
          null,
          null
        ]
      },
      "/Users/ianmcnicholas/MAKERS/Week_10/tech_tests/bank_tech_test/spec/transaction_history_spec.rb": {
        "lines": [
          null,
          null,
          1,
          null,
          1,
          4,
          null,
          1,
          1,
          1,
          null,
          null,
          null,
          1,
          1,
          2,
          4,
          null,
          null,
          1,
          1,
          1,
          null,
          null,
          1,
          1,
          1,
          null,
          null,
          null
        ]
      }
    },
    "timestamp": 1617971711
  }
}
